# JRE version: OpenJDK Runtime Environment Microsoft-8035246 (17.0.8+7) (build 17.0.8+7-LTS)
# Java VM: OpenJDK 64-Bit Server VM Microsoft-8035246 (17.0.8+7-LTS, mixed mode, sharing, tiered, compressed oops, compressed class ptrs, g1 gc, windows-amd64)
GC Precious Log:
 CPUs: 4 total, 4 available
 Memory: 8097M
 Large Page Support: Disabled
 NUMA Support: Disabled
 Compressed Oops: Enabled (32-bit)
 Heap Region Size: 1M
 Heap Min Capacity: 8M
 Heap Initial Capacity: 128M
 Heap Max Capacity: 2G
 Pre-touch: Disabled
 Parallel Workers: 4
 Concurrent Workers: 1
 Concurrent Refinement Workers: 4
 Periodic GC: Disabled
Heap:
 garbage-first heap   total 280576K, used 211437K [0x0000000080000000, 0x0000000100000000)
  region size 1024K, 37 young (37888K), 6 survivors (6144K)
 Metaspace       used 98729K, committed 99776K, reserved 557056K
  class space    used 13741K, committed 14272K, reserved 425984K
GC Heap History (20 events):
Event: 34.785 GC heap before
{Heap before GC invocations=42 (full 0):
 garbage-first heap   total 190464K, used 150524K [0x0000000080000000, 0x0000000100000000)
  region size 1024K, 56 young (57344K), 1 survivors (1024K)
 Metaspace       used 85292K, committed 86144K, reserved 557056K
  class space    used 12028K, committed 12416K, reserved 425984K
}
Event: 34.795 GC heap after
{Heap after GC invocations=43 (full 0):
 garbage-first heap   total 190464K, used 97038K [0x0000000080000000, 0x0000000100000000)
  region size 1024K, 4 young (4096K), 4 survivors (4096K)
 Metaspace       used 85292K, committed 86144K, reserved 557056K
  class space    used 12028K, committed 12416K, reserved 425984K
}
Event: 35.935 GC heap before
{Heap before GC invocations=44 (full 0):
 garbage-first heap   total 190464K, used 154382K [0x0000000080000000, 0x0000000100000000)
  region size 1024K, 58 young (59392K), 4 survivors (4096K)
 Metaspace       used 87016K, committed 87808K, reserved 557056K
  class space    used 12292K, committed 12672K, reserved 425984K
}
Event: 35.956 GC heap after
{Heap after GC invocations=45 (full 0):
 garbage-first heap   total 190464K, used 110710K [0x0000000080000000, 0x0000000100000000)
  region size 1024K, 8 young (8192K), 8 survivors (8192K)
 Metaspace       used 87016K, committed 87808K, reserved 557056K
  class space    used 12292K, committed 12672K, reserved 425984K
}
Event: 35.988 GC heap before
{Heap before GC invocations=45 (full 0):
 garbage-first heap   total 190464K, used 111734K [0x0000000080000000, 0x0000000100000000)
  region size 1024K, 9 young (9216K), 8 survivors (8192K)
 Metaspace       used 87022K, committed 87808K, reserved 557056K
  class space    used 12292K, committed 12672K, reserved 425984K
}
Event: 36.002 GC heap after
{Heap after GC invocations=46 (full 0):
 garbage-first heap   total 280576K, used 112227K [0x0000000080000000, 0x0000000100000000)
  region size 1024K, 1 young (1024K), 1 survivors (1024K)
 Metaspace       used 87022K, committed 87808K, reserved 557056K
  class space    used 12292K, committed 12672K, reserved 425984K
}
Event: 38.200 GC heap before
{Heap before GC invocations=46 (full 0):
 garbage-first heap   total 280576K, used 218723K [0x0000000080000000, 0x0000000100000000)
  region size 1024K, 101 young (103424K), 1 survivors (1024K)
 Metaspace       used 89558K, committed 90496K, reserved 557056K
  class space    used 12559K, committed 12992K, reserved 425984K
}
Event: 38.224 GC heap after
{Heap after GC invocations=47 (full 0):
 garbage-first heap   total 280576K, used 139078K [0x0000000080000000, 0x0000000100000000)
  region size 1024K, 13 young (13312K), 13 survivors (13312K)
 Metaspace       used 89558K, committed 90496K, reserved 557056K
  class space    used 12559K, committed 12992K, reserved 425984K
}
Event: 39.732 GC heap before
{Heap before GC invocations=47 (full 0):
 garbage-first heap   total 280576K, used 215878K [0x0000000080000000, 0x0000000100000000)
  region size 1024K, 88 young (90112K), 13 survivors (13312K)
 Metaspace       used 94697K, committed 95744K, reserved 557056K
  class space    used 13300K, committed 13824K, reserved 425984K
}
Event: 39.753 GC heap after
{Heap after GC invocations=48 (full 0):
 garbage-first heap   total 280576K, used 145045K [0x0000000080000000, 0x0000000100000000)
  region size 1024K, 6 young (6144K), 6 survivors (6144K)
 Metaspace       used 94697K, committed 95744K, reserved 557056K
  class space    used 13300K, committed 13824K, reserved 425984K
}
Event: 41.005 GC heap before
{Heap before GC invocations=48 (full 0):
 garbage-first heap   total 280576K, used 220821K [0x0000000080000000, 0x0000000100000000)
  region size 1024K, 80 young (81920K), 6 survivors (6144K)
 Metaspace       used 96723K, committed 97728K, reserved 557056K
  class space    used 13525K, committed 14016K, reserved 425984K
}
Event: 41.029 GC heap after
{Heap after GC invocations=49 (full 0):
 garbage-first heap   total 280576K, used 152471K [0x0000000080000000, 0x0000000100000000)
  region size 1024K, 10 young (10240K), 10 survivors (10240K)
 Metaspace       used 96723K, committed 97728K, reserved 557056K
  class space    used 13525K, committed 14016K, reserved 425984K
}
Event: 42.359 GC heap before
{Heap before GC invocations=49 (full 0):
 garbage-first heap   total 280576K, used 223127K [0x0000000080000000, 0x0000000100000000)
  region size 1024K, 80 young (81920K), 10 survivors (10240K)
 Metaspace       used 97947K, committed 98880K, reserved 557056K
  class space    used 13671K, committed 14144K, reserved 425984K
}
Event: 42.388 GC heap after
{Heap after GC invocations=50 (full 0):
 garbage-first heap   total 280576K, used 158890K [0x0000000080000000, 0x0000000100000000)
  region size 1024K, 6 young (6144K), 6 survivors (6144K)
 Metaspace       used 97947K, committed 98880K, reserved 557056K
  class space    used 13671K, committed 14144K, reserved 425984K
}
Event: 43.341 GC heap before
{Heap before GC invocations=50 (full 0):
 garbage-first heap   total 280576K, used 225450K [0x0000000080000000, 0x0000000100000000)
  region size 1024K, 72 young (73728K), 6 survivors (6144K)
 Metaspace       used 98296K, committed 99264K, reserved 557056K
  class space    used 13721K, committed 14208K, reserved 425984K
}
Event: 43.365 GC heap after
{Heap after GC invocations=51 (full 0):
 garbage-first heap   total 280576K, used 165846K [0x0000000080000000, 0x0000000100000000)
  region size 1024K, 7 young (7168K), 7 survivors (7168K)
 Metaspace       used 98296K, committed 99264K, reserved 557056K
  class space    used 13721K, committed 14208K, reserved 425984K
}
Event: 44.302 GC heap before
{Heap before GC invocations=51 (full 0):
 garbage-first heap   total 280576K, used 236502K [0x0000000080000000, 0x0000000100000000)
  region size 1024K, 69 young (70656K), 7 survivors (7168K)
 Metaspace       used 98524K, committed 99584K, reserved 557056K
  class space    used 13725K, committed 14208K, reserved 425984K
}
Event: 44.321 GC heap after
{Heap after GC invocations=52 (full 0):
 garbage-first heap   total 280576K, used 171871K [0x0000000080000000, 0x0000000100000000)
  region size 1024K, 7 young (7168K), 7 survivors (7168K)
 Metaspace       used 98524K, committed 99584K, reserved 557056K
  class space    used 13725K, committed 14208K, reserved 425984K
}
Event: 45.317 GC heap before
{Heap before GC invocations=52 (full 0):
 garbage-first heap   total 280576K, used 242527K [0x0000000080000000, 0x0000000100000000)
  region size 1024K, 65 young (66560K), 7 survivors (7168K)
 Metaspace       used 98691K, committed 99776K, reserved 557056K
  class space    used 13738K, committed 14272K, reserved 425984K
}
Event: 45.339 GC heap after
{Heap after GC invocations=53 (full 0):
 garbage-first heap   total 280576K, used 177645K [0x0000000080000000, 0x0000000100000000)
  region size 1024K, 6 young (6144K), 6 survivors (6144K)
 Metaspace       used 98691K, committed 99776K, reserved 557056K
  class space    used 13738K, committed 14272K, reserved 425984K
}

