# JRE version: OpenJDK Runtime Environment Microsoft-8035246 (17.0.8+7) (build 17.0.8+7-LTS)
# Java VM: OpenJDK 64-Bit Server VM Microsoft-8035246 (17.0.8+7-LTS, mixed mode, sharing, tiered, compressed oops, compressed class ptrs, g1 gc, windows-amd64)
GC Precious Log:
 CPUs: 4 total, 4 available
 Memory: 8097M
 Large Page Support: Disabled
 NUMA Support: Disabled
 Compressed Oops: Enabled (32-bit)
 Heap Region Size: 1M
 Heap Min Capacity: 8M
 Heap Initial Capacity: 128M
 Heap Max Capacity: 2G
 Pre-touch: Disabled
 Parallel Workers: 4
 Concurrent Workers: 1
 Concurrent Refinement Workers: 4
 Periodic GC: Disabled
Heap:
 garbage-first heap   total 374784K, used 179062K [0x0000000080000000, 0x0000000100000000)
  region size 1024K, 20 young (20480K), 12 survivors (12288K)
 Metaspace       used 98585K, committed 99520K, reserved 557056K
  class space    used 13729K, committed 14208K, reserved 425984K
GC Heap History (20 events):
Event: 43.901 GC heap before
{Heap before GC invocations=38 (full 0):
 garbage-first heap   total 187392K, used 147073K [0x0000000080000000, 0x0000000100000000)
  region size 1024K, 61 young (62464K), 4 survivors (4096K)
 Metaspace       used 78845K, committed 79616K, reserved 557056K
  class space    used 10981K, committed 11328K, reserved 425984K
}
Event: 43.914 GC heap after
{Heap after GC invocations=39 (full 0):
 garbage-first heap   total 187392K, used 92600K [0x0000000080000000, 0x0000000100000000)
  region size 1024K, 7 young (7168K), 7 survivors (7168K)
 Metaspace       used 78845K, committed 79616K, reserved 557056K
  class space    used 10981K, committed 11328K, reserved 425984K
}
Event: 43.939 GC heap before
{Heap before GC invocations=39 (full 0):
 garbage-first heap   total 187392K, used 94648K [0x0000000080000000, 0x0000000100000000)
  region size 1024K, 9 young (9216K), 7 survivors (7168K)
 Metaspace       used 78956K, committed 79680K, reserved 557056K
  class space    used 10995K, committed 11328K, reserved 425984K
}
Event: 43.950 GC heap after
{Heap after GC invocations=40 (full 0):
 garbage-first heap   total 187392K, used 92888K [0x0000000080000000, 0x0000000100000000)
  region size 1024K, 1 young (1024K), 1 survivors (1024K)
 Metaspace       used 78956K, committed 79680K, reserved 557056K
  class space    used 10995K, committed 11328K, reserved 425984K
}
Event: 44.919 GC heap before
{Heap before GC invocations=40 (full 0):
 garbage-first heap   total 187392K, used 150232K [0x0000000080000000, 0x0000000100000000)
  region size 1024K, 57 young (58368K), 1 survivors (1024K)
 Metaspace       used 82863K, committed 83584K, reserved 557056K
  class space    used 11703K, committed 12032K, reserved 425984K
}
Event: 44.925 GC heap after
{Heap after GC invocations=41 (full 0):
 garbage-first heap   total 187392K, used 93841K [0x0000000080000000, 0x0000000100000000)
  region size 1024K, 2 young (2048K), 2 survivors (2048K)
 Metaspace       used 82863K, committed 83584K, reserved 557056K
  class space    used 11703K, committed 12032K, reserved 425984K
}
Event: 46.099 GC heap before
{Heap before GC invocations=41 (full 0):
 garbage-first heap   total 187392K, used 152209K [0x0000000080000000, 0x0000000100000000)
  region size 1024K, 59 young (60416K), 2 survivors (2048K)
 Metaspace       used 85792K, committed 86656K, reserved 557056K
  class space    used 12075K, committed 12480K, reserved 425984K
}
Event: 46.111 GC heap after
{Heap after GC invocations=42 (full 0):
 garbage-first heap   total 187392K, used 100542K [0x0000000080000000, 0x0000000100000000)
  region size 1024K, 8 young (8192K), 8 survivors (8192K)
 Metaspace       used 85792K, committed 86656K, reserved 557056K
  class space    used 12075K, committed 12480K, reserved 425984K
}
Event: 47.192 GC heap before
{Heap before GC invocations=42 (full 0):
 garbage-first heap   total 187392K, used 152766K [0x0000000080000000, 0x0000000100000000)
  region size 1024K, 58 young (59392K), 8 survivors (8192K)
 Metaspace       used 87080K, committed 87872K, reserved 557056K
  class space    used 12289K, committed 12672K, reserved 425984K
}
Event: 47.212 GC heap after
{Heap after GC invocations=43 (full 0):
 garbage-first heap   total 187392K, used 111436K [0x0000000080000000, 0x0000000100000000)
  region size 1024K, 8 young (8192K), 8 survivors (8192K)
 Metaspace       used 87080K, committed 87872K, reserved 557056K
  class space    used 12289K, committed 12672K, reserved 425984K
}
Event: 48.326 GC heap before
{Heap before GC invocations=43 (full 0):
 garbage-first heap   total 187392K, used 158540K [0x0000000080000000, 0x0000000100000000)
  region size 1024K, 50 young (51200K), 8 survivors (8192K)
 Metaspace       used 87558K, committed 88384K, reserved 557056K
  class space    used 12335K, committed 12736K, reserved 425984K
}
Event: 48.345 GC heap after
{Heap after GC invocations=44 (full 0):
 garbage-first heap   total 187392K, used 128642K [0x0000000080000000, 0x0000000100000000)
  region size 1024K, 7 young (7168K), 7 survivors (7168K)
 Metaspace       used 87558K, committed 88384K, reserved 557056K
  class space    used 12335K, committed 12736K, reserved 425984K
}
Event: 49.042 GC heap before
{Heap before GC invocations=44 (full 0):
 garbage-first heap   total 187392K, used 154242K [0x0000000080000000, 0x0000000100000000)
  region size 1024K, 33 young (33792K), 7 survivors (7168K)
 Metaspace       used 87873K, committed 88768K, reserved 557056K
  class space    used 12369K, committed 12800K, reserved 425984K
}
Event: 49.061 GC heap after
{Heap after GC invocations=45 (full 0):
 garbage-first heap   total 374784K, used 135569K [0x0000000080000000, 0x0000000100000000)
  region size 1024K, 5 young (5120K), 5 survivors (5120K)
 Metaspace       used 87873K, committed 88768K, reserved 557056K
  class space    used 12369K, committed 12800K, reserved 425984K
}
Event: 52.082 GC heap before
{Heap before GC invocations=46 (full 0):
 garbage-first heap   total 374784K, used 257425K [0x0000000080000000, 0x0000000100000000)
  region size 1024K, 124 young (126976K), 5 survivors (5120K)
 Metaspace       used 95841K, committed 96768K, reserved 557056K
  class space    used 13426K, committed 13888K, reserved 425984K
}
Event: 52.115 GC heap after
{Heap after GC invocations=47 (full 0):
 garbage-first heap   total 374784K, used 145245K [0x0000000080000000, 0x0000000100000000)
  region size 1024K, 15 young (15360K), 15 survivors (15360K)
 Metaspace       used 95841K, committed 96768K, reserved 557056K
  class space    used 13426K, committed 13888K, reserved 425984K
}
Event: 52.216 GC heap before
{Heap before GC invocations=47 (full 0):
 garbage-first heap   total 374784K, used 148317K [0x0000000080000000, 0x0000000100000000)
  region size 1024K, 18 young (18432K), 15 survivors (15360K)
 Metaspace       used 95916K, committed 96832K, reserved 557056K
  class space    used 13432K, committed 13888K, reserved 425984K
}
Event: 52.238 GC heap after
{Heap after GC invocations=48 (full 0):
 garbage-first heap   total 374784K, used 146355K [0x0000000080000000, 0x0000000100000000)
  region size 1024K, 2 young (2048K), 2 survivors (2048K)
 Metaspace       used 95916K, committed 96832K, reserved 557056K
  class space    used 13432K, committed 13888K, reserved 425984K
}
Event: 54.795 GC heap before
{Heap before GC invocations=48 (full 0):
 garbage-first heap   total 374784K, used 271283K [0x0000000080000000, 0x0000000100000000)
  region size 1024K, 125 young (128000K), 2 survivors (2048K)
 Metaspace       used 98036K, committed 99008K, reserved 557056K
  class space    used 13675K, committed 14144K, reserved 425984K
}
Event: 54.820 GC heap after
{Heap after GC invocations=49 (full 0):
 garbage-first heap   total 374784K, used 156438K [0x0000000080000000, 0x0000000100000000)
  region size 1024K, 12 young (12288K), 12 survivors (12288K)
 Metaspace       used 98036K, committed 99008K, reserved 557056K
  class space    used 13675K, committed 14144K, reserved 425984K
}

